----------------------------------------------------------------
Wed Mar 30 06:59:14 BST 2016:
Booting Derby version The Apache Software Foundation - Apache Derby - 10.11.1.2 - (1629631): instance a816c00e-0153-c61a-bcfe-00000ce199d0 
on database directory C:\Users\T\IdeaProjects\CU Laboratory Equipment Manager\students with class loader sun.misc.Launcher$AppClassLoader@2c7b84de 
Loaded from file:/C:/Program%20Files/Java/jdk1.8.0_65/db/lib/derby.jar
java.vendor=Oracle Corporation
java.runtime.version=1.8.0_65-b17
user.dir=C:\Users\T\IdeaProjects\CU Laboratory Equipment Manager
os.name=Windows 10
os.arch=amd64
os.version=10.0
derby.system.home=null
Database Class Loader started - derby.database.classpath=''
----------------------------------------------------------------
Wed Mar 30 06:59:14 BST 2016:
Booting Derby version The Apache Software Foundation - Apache Derby - 10.11.1.2 - (1629631): instance c851401a-0153-c61a-bcfe-00000ce199d0 
on database directory C:\Users\T\IdeaProjects\CU Laboratory Equipment Manager\equipment with class loader sun.misc.Launcher$AppClassLoader@2c7b84de 
Loaded from file:/C:/Program%20Files/Java/jdk1.8.0_65/db/lib/derby.jar
java.vendor=Oracle Corporation
java.runtime.version=1.8.0_65-b17
user.dir=C:\Users\T\IdeaProjects\CU Laboratory Equipment Manager
os.name=Windows 10
os.arch=amd64
os.version=10.0
derby.system.home=null
Database Class Loader started - derby.database.classpath=''
